<?xml version="1.0" encoding="UTF-8"?>
<!-- Generated by org.testng.reporters.JUnitXMLReporter -->
<testsuite ignored="0" hostname="matts-mbp.lan" failures="0" tests="4" name="Alerts" time="9.056" errors="0" timestamp="2021-06-04T14:47:08 EDT">
  <testcase classname="test.HomeworkAssignment" name="test1" time="1.993"/>
  <testcase classname="test.HomeworkAssignment" name="test2" time="5.661"/>
  <testcase classname="test.HomeworkAssignment" name="test3" time="0.593"/>
  <testcase classname="test.HomeworkAssignment" name="test4" time="0.662"/>
</testsuite> <!-- Alerts -->
