<?xml version="1.0" encoding="UTF-8"?>
<testsuite xmlns:xsi="http://www.w3.org/2001/XMLSchema-instance" xsi:noNamespaceSchemaLocation="https://maven.apache.org/surefire/maven-surefire-plugin/xsd/surefire-test-report-3.0.xsd" version="3.0" name="TestSuite" time="0.382" tests="4" errors="0" skipped="0" failures="0">
  <properties>
[...]
</properties>
  <testcase name="f" classname="test.AmazonAddToCartTest" time="0.002">
    <system-out><![CDATA[This is AmazonAddToCartTest 
]]></system-out>
  </testcase>
  <testcase name="f" classname="test.AmazonCreateAccountTest" time="0">
    <system-out><![CDATA[This is AmazonCreateAccountTest
]]></system-out>
  </testcase>
  <testcase name="f" classname="test.AmazonItemPurchaseTest" time="0">
    <system-out><![CDATA[This is AmazonItemPurchaseTest 
]]></system-out>
  </testcase>
  <testcase name="f" classname="test.AmazonYourOrderedItemListTest" time="0">
    <system-out><![CDATA[this is AmazonYourOrderedItemListTest 
]]></system-out>
  </testcase>
</testsuite>