<?xml version="1.0" encoding="UTF-8"?>
<!-- Generated by org.testng.reporters.JUnitXMLReporter -->
<testsuite ignored="0" hostname="matts-mbp.lan" failures="0" tests="4" name="Smoke" time="0.043" errors="0" timestamp="2021-06-05T12:18:22 EDT">
  <testcase classname="test.AmazonAddToCartTest" name="f" time="0.004"/>
  <testcase classname="test.AmazonCreateAccountTest" name="f" time="0.004"/>
  <testcase classname="test.AmazonYourOrderedItemListTest" name="f" time="0.001"/>
  <testcase classname="test.AmazonItemPurchaseTest" name="f" time="0.002"/>
</testsuite> <!-- Smoke -->
